----------------------------------------
Timestamp: 27/09/2016 11:06:48 p.m.

Message: Tracing to LogSource 'General' failed. Processing for other sources will continue. See summary information below for more information. Should this problem persist, stop the service and check the configuration file(s) for possible error(s) in the configuration of the categories and sinks.


Summary for Enterprise Library Distributor Service:
======================================
--> 
Message: 
Timestamp: 27/09/2016 11:06:47 p.m.
Message: System.InvalidOperationException: Nullable object must have a value.
   at System.ThrowHelper.ThrowInvalidOperationException(ExceptionResource resource)
   at System.Nullable`1.get_Value()
   at AppSaludMVC.Controllers.HClinicaControllerSup.CCEP0311_View() in d:\Proyectos\VisualStudio\Clientes\ClinicaElGolf\HCE3.0\AppSaludMVC\Controllers\HClinicaControllerSup.cs:line 1342
Category: General
Priority: -1
EventId: 0
Severity: Information
Title:
Machine: RSPV-STN-22
App Domain: /LM/W3SVC/2/ROOT-1-131194907628907699
ProcessId: 4484
Process Name: C:\Program Files (x86)\IIS Express\iisexpress.exe
Thread Name: 
Win32 ThreadId:4852
Extended Properties: 
--> MachineName: RSPV-STN-22
--> TimeStamp: 27/09/2016 11:06:48 p.m.
--> FullName: Microsoft.Practices.EnterpriseLibrary.Logging, Version=6.0.0.0, Culture=neutral, PublicKeyToken=31bf3856ad364e35
--> AppDomainName: /LM/W3SVC/2/ROOT-1-131194907628907699
--> WindowsIdentity: ROYALSYSTEMS\riosi

Exception Information Details:
======================================
Exception Type: System.Security.SecurityException
Action: 0
PermissionType: NULL
FirstPermissionThatFailed: NULL
PermissionState: NULL
Demanded: NULL
GrantedSet: NULL
RefusedSet: NULL
DenySetInstance: NULL
PermitOnlySetInstance: NULL
FailedAssemblyInfo: NULL
Method: NULL
Zone: MyComputer
Url: NULL
Message: The source was not found, but some or all event logs could not be searched.  To create the source, you need permission to read all event logs to make sure that the new source name is unique.  Inaccessible logs: Security.
Data: System.Collections.ListDictionaryInternal
TargetSite: Microsoft.Win32.RegistryKey FindSourceRegistration(System.String, System.String, Boolean, Boolean)
HelpLink: NULL
Source: System
HResult: -2146233078

StackTrace Information Details: 
======================================
   at System.Diagnostics.EventLog.FindSourceRegistration(String source, String machineName, Boolean readOnly, Boolean wantToCreate)
   at System.Diagnostics.EventLog.SourceExists(String source, String machineName, Boolean wantToCreate)
   at System.Diagnostics.EventLogInternal.VerifyAndCreateSource(String sourceName, String currentMachineName)
   at System.Diagnostics.EventLogInternal.WriteEvent(EventInstance instance, Byte[] data, Object[] values)
   at System.Diagnostics.EventLog.WriteEvent(EventInstance instance, Object[] values)
   at System.Diagnostics.EventLogTraceListener.TraceData(TraceEventCache eventCache, String source, TraceEventType severity, Int32 id, Object data)
   at Microsoft.Practices.EnterpriseLibrary.Logging.TraceListeners.FormattedTraceListenerWrapperBase.TraceData(TraceEventCache eventCache, String source, TraceEventType severity, Int32 id, Object data)
   at Microsoft.Practices.EnterpriseLibrary.Logging.LogSource.TraceData(TraceEventType eventType, Int32 id, LogEntry logEntry, TraceListenerFilter traceListenerFilter, TraceEventCache traceEventCache, ReportTracingError reportError)

Category: 

Priority: -1

EventId: 6352

Severity: Error

Title:

Machine: RSPV-STN-22

App Domain: /LM/W3SVC/2/ROOT-1-131194907628907699

ProcessId: 4484

Process Name: C:\Program Files (x86)\IIS Express\iisexpress.exe

Thread Name: 

Win32 ThreadId:4852

Extended Properties: 
----------------------------------------
----------------------------------------
Timestamp: 27/09/2016 11:06:48 p.m.

Message: Tracing to LogSource 'General' failed. Processing for other sources will continue. See summary information below for more information. Should this problem persist, stop the service and check the configuration file(s) for possible error(s) in the configuration of the categories and sinks.


Summary for Enterprise Library Distributor Service:
======================================
--> 
Message: 
Timestamp: 27/09/2016 11:06:48 p.m.
Message: System.NullReferenceException: Object reference not set to an instance of an object.
   at AppSaludMVC.Controllers.HClinicaControllerSup.CCEP0306_EXAMENES(String tipoCodigo) in d:\Proyectos\VisualStudio\Clientes\ClinicaElGolf\HCE3.0\AppSaludMVC\Controllers\HClinicaControllerSup.cs:line 1145
Category: General
Priority: -1
EventId: 0
Severity: Information
Title:
Machine: RSPV-STN-22
App Domain: /LM/W3SVC/2/ROOT-1-131194907628907699
ProcessId: 4484
Process Name: C:\Program Files (x86)\IIS Express\iisexpress.exe
Thread Name: 
Win32 ThreadId:6256
Extended Properties: 
--> MachineName: RSPV-STN-22
--> TimeStamp: 27/09/2016 11:06:48 p.m.
--> FullName: Microsoft.Practices.EnterpriseLibrary.Logging, Version=6.0.0.0, Culture=neutral, PublicKeyToken=31bf3856ad364e35
--> AppDomainName: /LM/W3SVC/2/ROOT-1-131194907628907699
--> WindowsIdentity: ROYALSYSTEMS\riosi

Exception Information Details:
======================================
Exception Type: System.Security.SecurityException
Action: 0
PermissionType: NULL
FirstPermissionThatFailed: NULL
PermissionState: NULL
Demanded: NULL
GrantedSet: NULL
RefusedSet: NULL
DenySetInstance: NULL
PermitOnlySetInstance: NULL
FailedAssemblyInfo: NULL
Method: NULL
Zone: MyComputer
Url: NULL
Message: The source was not found, but some or all event logs could not be searched.  To create the source, you need permission to read all event logs to make sure that the new source name is unique.  Inaccessible logs: Security.
Data: System.Collections.ListDictionaryInternal
TargetSite: Microsoft.Win32.RegistryKey FindSourceRegistration(System.String, System.String, Boolean, Boolean)
HelpLink: NULL
Source: System
HResult: -2146233078

StackTrace Information Details: 
======================================
   at System.Diagnostics.EventLog.FindSourceRegistration(String source, String machineName, Boolean readOnly, Boolean wantToCreate)
   at System.Diagnostics.EventLog.SourceExists(String source, String machineName, Boolean wantToCreate)
   at System.Diagnostics.EventLogInternal.VerifyAndCreateSource(String sourceName, String currentMachineName)
   at System.Diagnostics.EventLogInternal.WriteEvent(EventInstance instance, Byte[] data, Object[] values)
   at System.Diagnostics.EventLog.WriteEvent(EventInstance instance, Object[] values)
   at System.Diagnostics.EventLogTraceListener.TraceData(TraceEventCache eventCache, String source, TraceEventType severity, Int32 id, Object data)
   at Microsoft.Practices.EnterpriseLibrary.Logging.TraceListeners.FormattedTraceListenerWrapperBase.TraceData(TraceEventCache eventCache, String source, TraceEventType severity, Int32 id, Object data)
   at Microsoft.Practices.EnterpriseLibrary.Logging.LogSource.TraceData(TraceEventType eventType, Int32 id, LogEntry logEntry, TraceListenerFilter traceListenerFilter, TraceEventCache traceEventCache, ReportTracingError reportError)

Category: 

Priority: -1

EventId: 6352

Severity: Error

Title:

Machine: RSPV-STN-22

App Domain: /LM/W3SVC/2/ROOT-1-131194907628907699

ProcessId: 4484

Process Name: C:\Program Files (x86)\IIS Express\iisexpress.exe

Thread Name: 

Win32 ThreadId:6256

Extended Properties: 
----------------------------------------
----------------------------------------
Timestamp: 28/09/2016 04:41:53 p.m.

Message: Tracing to LogSource 'General' failed. Processing for other sources will continue. See summary information below for more information. Should this problem persist, stop the service and check the configuration file(s) for possible error(s) in the configuration of the categories and sinks.


Summary for Enterprise Library Distributor Service:
======================================
--> 
Message: 
Timestamp: 28/09/2016 04:41:53 p.m.
Message: System.IndexOutOfRangeException: Index was outside the bounds of the array.
   at AppSaludMVC.Controllers.HClinicaControllerSup.Save_Examen(SS_HC_ExamenSolicitado objAnamEA, String selectionArray1, String text) in d:\Proyectos\VisualStudio\Clientes\ClinicaElGolf\HCE3.0\AppSaludMVC\Controllers\HClinicaControllerSup.cs:line 1037
Category: General
Priority: -1
EventId: 0
Severity: Information
Title:
Machine: RSPV-STN-22
App Domain: /LM/W3SVC/2/ROOT-1-131195476912012282
ProcessId: 5408
Process Name: C:\Program Files (x86)\IIS Express\iisexpress.exe
Thread Name: 
Win32 ThreadId:7128
Extended Properties: 
--> MachineName: RSPV-STN-22
--> TimeStamp: 28/09/2016 04:41:53 p.m.
--> FullName: Microsoft.Practices.EnterpriseLibrary.Logging, Version=6.0.0.0, Culture=neutral, PublicKeyToken=31bf3856ad364e35
--> AppDomainName: /LM/W3SVC/2/ROOT-1-131195476912012282
--> WindowsIdentity: ROYALSYSTEMS\riosi

Exception Information Details:
======================================
Exception Type: System.Security.SecurityException
Action: 0
PermissionType: NULL
FirstPermissionThatFailed: NULL
PermissionState: NULL
Demanded: NULL
GrantedSet: NULL
RefusedSet: NULL
DenySetInstance: NULL
PermitOnlySetInstance: NULL
FailedAssemblyInfo: NULL
Method: NULL
Zone: MyComputer
Url: NULL
Message: The source was not found, but some or all event logs could not be searched.  To create the source, you need permission to read all event logs to make sure that the new source name is unique.  Inaccessible logs: Security.
Data: System.Collections.ListDictionaryInternal
TargetSite: Microsoft.Win32.RegistryKey FindSourceRegistration(System.String, System.String, Boolean, Boolean)
HelpLink: NULL
Source: System
HResult: -2146233078

StackTrace Information Details: 
======================================
   at System.Diagnostics.EventLog.FindSourceRegistration(String source, String machineName, Boolean readOnly, Boolean wantToCreate)
   at System.Diagnostics.EventLog.SourceExists(String source, String machineName, Boolean wantToCreate)
   at System.Diagnostics.EventLogInternal.VerifyAndCreateSource(String sourceName, String currentMachineName)
   at System.Diagnostics.EventLogInternal.WriteEvent(EventInstance instance, Byte[] data, Object[] values)
   at System.Diagnostics.EventLog.WriteEvent(EventInstance instance, Object[] values)
   at System.Diagnostics.EventLogTraceListener.TraceData(TraceEventCache eventCache, String source, TraceEventType severity, Int32 id, Object data)
   at Microsoft.Practices.EnterpriseLibrary.Logging.TraceListeners.FormattedTraceListenerWrapperBase.TraceData(TraceEventCache eventCache, String source, TraceEventType severity, Int32 id, Object data)
   at Microsoft.Practices.EnterpriseLibrary.Logging.LogSource.TraceData(TraceEventType eventType, Int32 id, LogEntry logEntry, TraceListenerFilter traceListenerFilter, TraceEventCache traceEventCache, ReportTracingError reportError)

Category: 

Priority: -1

EventId: 6352

Severity: Error

Title:

Machine: RSPV-STN-22

App Domain: /LM/W3SVC/2/ROOT-1-131195476912012282

ProcessId: 5408

Process Name: C:\Program Files (x86)\IIS Express\iisexpress.exe

Thread Name: 

Win32 ThreadId:7128

Extended Properties: 
----------------------------------------
----------------------------------------
Timestamp: 28/09/2016 04:42:25 p.m.

Message: Tracing to LogSource 'General' failed. Processing for other sources will continue. See summary information below for more information. Should this problem persist, stop the service and check the configuration file(s) for possible error(s) in the configuration of the categories and sinks.


Summary for Enterprise Library Distributor Service:
======================================
--> 
Message: 
Timestamp: 28/09/2016 04:42:25 p.m.
Message: System.IndexOutOfRangeException: Index was outside the bounds of the array.
   at AppSaludMVC.Controllers.HClinicaControllerSup.Save_Examen(SS_HC_ExamenSolicitado objAnamEA, String selectionArray1, String text) in d:\Proyectos\VisualStudio\Clientes\ClinicaElGolf\HCE3.0\AppSaludMVC\Controllers\HClinicaControllerSup.cs:line 1037
Category: General
Priority: -1
EventId: 0
Severity: Information
Title:
Machine: RSPV-STN-22
App Domain: /LM/W3SVC/2/ROOT-1-131195476912012282
ProcessId: 5408
Process Name: C:\Program Files (x86)\IIS Express\iisexpress.exe
Thread Name: 
Win32 ThreadId:6860
Extended Properties: 
--> MachineName: RSPV-STN-22
--> TimeStamp: 28/09/2016 04:42:25 p.m.
--> FullName: Microsoft.Practices.EnterpriseLibrary.Logging, Version=6.0.0.0, Culture=neutral, PublicKeyToken=31bf3856ad364e35
--> AppDomainName: /LM/W3SVC/2/ROOT-1-131195476912012282
--> WindowsIdentity: ROYALSYSTEMS\riosi

Exception Information Details:
======================================
Exception Type: System.Security.SecurityException
Action: 0
PermissionType: NULL
FirstPermissionThatFailed: NULL
PermissionState: NULL
Demanded: NULL
GrantedSet: NULL
RefusedSet: NULL
DenySetInstance: NULL
PermitOnlySetInstance: NULL
FailedAssemblyInfo: NULL
Method: NULL
Zone: MyComputer
Url: NULL
Message: The source was not found, but some or all event logs could not be searched.  To create the source, you need permission to read all event logs to make sure that the new source name is unique.  Inaccessible logs: Security.
Data: System.Collections.ListDictionaryInternal
TargetSite: Microsoft.Win32.RegistryKey FindSourceRegistration(System.String, System.String, Boolean, Boolean)
HelpLink: NULL
Source: System
HResult: -2146233078

StackTrace Information Details: 
======================================
   at System.Diagnostics.EventLog.FindSourceRegistration(String source, String machineName, Boolean readOnly, Boolean wantToCreate)
   at System.Diagnostics.EventLog.SourceExists(String source, String machineName, Boolean wantToCreate)
   at System.Diagnostics.EventLogInternal.VerifyAndCreateSource(String sourceName, String currentMachineName)
   at System.Diagnostics.EventLogInternal.WriteEvent(EventInstance instance, Byte[] data, Object[] values)
   at System.Diagnostics.EventLog.WriteEvent(EventInstance instance, Object[] values)
   at System.Diagnostics.EventLogTraceListener.TraceData(TraceEventCache eventCache, String source, TraceEventType severity, Int32 id, Object data)
   at Microsoft.Practices.EnterpriseLibrary.Logging.TraceListeners.FormattedTraceListenerWrapperBase.TraceData(TraceEventCache eventCache, String source, TraceEventType severity, Int32 id, Object data)
   at Microsoft.Practices.EnterpriseLibrary.Logging.LogSource.TraceData(TraceEventType eventType, Int32 id, LogEntry logEntry, TraceListenerFilter traceListenerFilter, TraceEventCache traceEventCache, ReportTracingError reportError)

Category: 

Priority: -1

EventId: 6352

Severity: Error

Title:

Machine: RSPV-STN-22

App Domain: /LM/W3SVC/2/ROOT-1-131195476912012282

ProcessId: 5408

Process Name: C:\Program Files (x86)\IIS Express\iisexpress.exe

Thread Name: 

Win32 ThreadId:6860

Extended Properties: 
----------------------------------------
----------------------------------------
Timestamp: 28/09/2016 04:42:31 p.m.

Message: Tracing to LogSource 'General' failed. Processing for other sources will continue. See summary information below for more information. Should this problem persist, stop the service and check the configuration file(s) for possible error(s) in the configuration of the categories and sinks.


Summary for Enterprise Library Distributor Service:
======================================
--> 
Message: 
Timestamp: 28/09/2016 04:42:31 p.m.
Message: System.IndexOutOfRangeException: Index was outside the bounds of the array.
   at AppSaludMVC.Controllers.HClinicaControllerSup.Save_Examen(SS_HC_ExamenSolicitado objAnamEA, String selectionArray1, String text) in d:\Proyectos\VisualStudio\Clientes\ClinicaElGolf\HCE3.0\AppSaludMVC\Controllers\HClinicaControllerSup.cs:line 1037
Category: General
Priority: -1
EventId: 0
Severity: Information
Title:
Machine: RSPV-STN-22
App Domain: /LM/W3SVC/2/ROOT-1-131195476912012282
ProcessId: 5408
Process Name: C:\Program Files (x86)\IIS Express\iisexpress.exe
Thread Name: 
Win32 ThreadId:7128
Extended Properties: 
--> MachineName: RSPV-STN-22
--> TimeStamp: 28/09/2016 04:42:31 p.m.
--> FullName: Microsoft.Practices.EnterpriseLibrary.Logging, Version=6.0.0.0, Culture=neutral, PublicKeyToken=31bf3856ad364e35
--> AppDomainName: /LM/W3SVC/2/ROOT-1-131195476912012282
--> WindowsIdentity: ROYALSYSTEMS\riosi

Exception Information Details:
======================================
Exception Type: System.Security.SecurityException
Action: 0
PermissionType: NULL
FirstPermissionThatFailed: NULL
PermissionState: NULL
Demanded: NULL
GrantedSet: NULL
RefusedSet: NULL
DenySetInstance: NULL
PermitOnlySetInstance: NULL
FailedAssemblyInfo: NULL
Method: NULL
Zone: MyComputer
Url: NULL
Message: The source was not found, but some or all event logs could not be searched.  To create the source, you need permission to read all event logs to make sure that the new source name is unique.  Inaccessible logs: Security.
Data: System.Collections.ListDictionaryInternal
TargetSite: Microsoft.Win32.RegistryKey FindSourceRegistration(System.String, System.String, Boolean, Boolean)
HelpLink: NULL
Source: System
HResult: -2146233078

StackTrace Information Details: 
======================================
   at System.Diagnostics.EventLog.FindSourceRegistration(String source, String machineName, Boolean readOnly, Boolean wantToCreate)
   at System.Diagnostics.EventLog.SourceExists(String source, String machineName, Boolean wantToCreate)
   at System.Diagnostics.EventLogInternal.VerifyAndCreateSource(String sourceName, String currentMachineName)
   at System.Diagnostics.EventLogInternal.WriteEvent(EventInstance instance, Byte[] data, Object[] values)
   at System.Diagnostics.EventLog.WriteEvent(EventInstance instance, Object[] values)
   at System.Diagnostics.EventLogTraceListener.TraceData(TraceEventCache eventCache, String source, TraceEventType severity, Int32 id, Object data)
   at Microsoft.Practices.EnterpriseLibrary.Logging.TraceListeners.FormattedTraceListenerWrapperBase.TraceData(TraceEventCache eventCache, String source, TraceEventType severity, Int32 id, Object data)
   at Microsoft.Practices.EnterpriseLibrary.Logging.LogSource.TraceData(TraceEventType eventType, Int32 id, LogEntry logEntry, TraceListenerFilter traceListenerFilter, TraceEventCache traceEventCache, ReportTracingError reportError)

Category: 

Priority: -1

EventId: 6352

Severity: Error

Title:

Machine: RSPV-STN-22

App Domain: /LM/W3SVC/2/ROOT-1-131195476912012282

ProcessId: 5408

Process Name: C:\Program Files (x86)\IIS Express\iisexpress.exe

Thread Name: 

Win32 ThreadId:7128

Extended Properties: 
----------------------------------------
----------------------------------------
Timestamp: 28/09/2016 05:00:08 p.m.

Message: Tracing to LogSource 'General' failed. Processing for other sources will continue. See summary information below for more information. Should this problem persist, stop the service and check the configuration file(s) for possible error(s) in the configuration of the categories and sinks.


Summary for Enterprise Library Distributor Service:
======================================
--> 
Message: 
Timestamp: 28/09/2016 05:00:08 p.m.
Message: System.IndexOutOfRangeException: Index was outside the bounds of the array.
   at AppSaludMVC.Controllers.HClinicaControllerSup.Save_Examen(SS_HC_ExamenSolicitado objAnamEA, String selectionArray1, String text) in d:\Proyectos\VisualStudio\Clientes\ClinicaElGolf\HCE3.0\AppSaludMVC\Controllers\HClinicaControllerSup.cs:line 1037
Category: General
Priority: -1
EventId: 0
Severity: Information
Title:
Machine: RSPV-STN-22
App Domain: /LM/W3SVC/2/ROOT-1-131195476912012282
ProcessId: 5408
Process Name: C:\Program Files (x86)\IIS Express\iisexpress.exe
Thread Name: 
Win32 ThreadId:6316
Extended Properties: 
--> MachineName: RSPV-STN-22
--> TimeStamp: 28/09/2016 05:00:08 p.m.
--> FullName: Microsoft.Practices.EnterpriseLibrary.Logging, Version=6.0.0.0, Culture=neutral, PublicKeyToken=31bf3856ad364e35
--> AppDomainName: /LM/W3SVC/2/ROOT-1-131195476912012282
--> WindowsIdentity: ROYALSYSTEMS\riosi

Exception Information Details:
======================================
Exception Type: System.Security.SecurityException
Action: 0
PermissionType: NULL
FirstPermissionThatFailed: NULL
PermissionState: NULL
Demanded: NULL
GrantedSet: NULL
RefusedSet: NULL
DenySetInstance: NULL
PermitOnlySetInstance: NULL
FailedAssemblyInfo: NULL
Method: NULL
Zone: MyComputer
Url: NULL
Message: The source was not found, but some or all event logs could not be searched.  To create the source, you need permission to read all event logs to make sure that the new source name is unique.  Inaccessible logs: Security.
Data: System.Collections.ListDictionaryInternal
TargetSite: Microsoft.Win32.RegistryKey FindSourceRegistration(System.String, System.String, Boolean, Boolean)
HelpLink: NULL
Source: System
HResult: -2146233078

StackTrace Information Details: 
======================================
   at System.Diagnostics.EventLog.FindSourceRegistration(String source, String machineName, Boolean readOnly, Boolean wantToCreate)
   at System.Diagnostics.EventLog.SourceExists(String source, String machineName, Boolean wantToCreate)
   at System.Diagnostics.EventLogInternal.VerifyAndCreateSource(String sourceName, String currentMachineName)
   at System.Diagnostics.EventLogInternal.WriteEvent(EventInstance instance, Byte[] data, Object[] values)
   at System.Diagnostics.EventLog.WriteEvent(EventInstance instance, Object[] values)
   at System.Diagnostics.EventLogTraceListener.TraceData(TraceEventCache eventCache, String source, TraceEventType severity, Int32 id, Object data)
   at Microsoft.Practices.EnterpriseLibrary.Logging.TraceListeners.FormattedTraceListenerWrapperBase.TraceData(TraceEventCache eventCache, String source, TraceEventType severity, Int32 id, Object data)
   at Microsoft.Practices.EnterpriseLibrary.Logging.LogSource.TraceData(TraceEventType eventType, Int32 id, LogEntry logEntry, TraceListenerFilter traceListenerFilter, TraceEventCache traceEventCache, ReportTracingError reportError)

Category: 

Priority: -1

EventId: 6352

Severity: Error

Title:

Machine: RSPV-STN-22

App Domain: /LM/W3SVC/2/ROOT-1-131195476912012282

ProcessId: 5408

Process Name: C:\Program Files (x86)\IIS Express\iisexpress.exe

Thread Name: 

Win32 ThreadId:6316

Extended Properties: 
----------------------------------------
----------------------------------------
Timestamp: 28/09/2016 05:01:48 p.m.

Message: Tracing to LogSource 'General' failed. Processing for other sources will continue. See summary information below for more information. Should this problem persist, stop the service and check the configuration file(s) for possible error(s) in the configuration of the categories and sinks.


Summary for Enterprise Library Distributor Service:
======================================
--> 
Message: 
Timestamp: 28/09/2016 05:01:48 p.m.
Message: System.IndexOutOfRangeException: Index was outside the bounds of the array.
   at AppSaludMVC.Controllers.HClinicaControllerSup.Save_Examen(SS_HC_ExamenSolicitado objAnamEA, String selectionArray1, String text) in d:\Proyectos\VisualStudio\Clientes\ClinicaElGolf\HCE3.0\AppSaludMVC\Controllers\HClinicaControllerSup.cs:line 1037
Category: General
Priority: -1
EventId: 0
Severity: Information
Title:
Machine: RSPV-STN-22
App Domain: /LM/W3SVC/2/ROOT-1-131195476912012282
ProcessId: 5408
Process Name: C:\Program Files (x86)\IIS Express\iisexpress.exe
Thread Name: 
Win32 ThreadId:6860
Extended Properties: 
--> MachineName: RSPV-STN-22
--> TimeStamp: 28/09/2016 05:01:48 p.m.
--> FullName: Microsoft.Practices.EnterpriseLibrary.Logging, Version=6.0.0.0, Culture=neutral, PublicKeyToken=31bf3856ad364e35
--> AppDomainName: /LM/W3SVC/2/ROOT-1-131195476912012282
--> WindowsIdentity: ROYALSYSTEMS\riosi

Exception Information Details:
======================================
Exception Type: System.Security.SecurityException
Action: 0
PermissionType: NULL
FirstPermissionThatFailed: NULL
PermissionState: NULL
Demanded: NULL
GrantedSet: NULL
RefusedSet: NULL
DenySetInstance: NULL
PermitOnlySetInstance: NULL
FailedAssemblyInfo: NULL
Method: NULL
Zone: MyComputer
Url: NULL
Message: The source was not found, but some or all event logs could not be searched.  To create the source, you need permission to read all event logs to make sure that the new source name is unique.  Inaccessible logs: Security.
Data: System.Collections.ListDictionaryInternal
TargetSite: Microsoft.Win32.RegistryKey FindSourceRegistration(System.String, System.String, Boolean, Boolean)
HelpLink: NULL
Source: System
HResult: -2146233078

StackTrace Information Details: 
======================================
   at System.Diagnostics.EventLog.FindSourceRegistration(String source, String machineName, Boolean readOnly, Boolean wantToCreate)
   at System.Diagnostics.EventLog.SourceExists(String source, String machineName, Boolean wantToCreate)
   at System.Diagnostics.EventLogInternal.VerifyAndCreateSource(String sourceName, String currentMachineName)
   at System.Diagnostics.EventLogInternal.WriteEvent(EventInstance instance, Byte[] data, Object[] values)
   at System.Diagnostics.EventLog.WriteEvent(EventInstance instance, Object[] values)
   at System.Diagnostics.EventLogTraceListener.TraceData(TraceEventCache eventCache, String source, TraceEventType severity, Int32 id, Object data)
   at Microsoft.Practices.EnterpriseLibrary.Logging.TraceListeners.FormattedTraceListenerWrapperBase.TraceData(TraceEventCache eventCache, String source, TraceEventType severity, Int32 id, Object data)
   at Microsoft.Practices.EnterpriseLibrary.Logging.LogSource.TraceData(TraceEventType eventType, Int32 id, LogEntry logEntry, TraceListenerFilter traceListenerFilter, TraceEventCache traceEventCache, ReportTracingError reportError)

Category: 

Priority: -1

EventId: 6352

Severity: Error

Title:

Machine: RSPV-STN-22

App Domain: /LM/W3SVC/2/ROOT-1-131195476912012282

ProcessId: 5408

Process Name: C:\Program Files (x86)\IIS Express\iisexpress.exe

Thread Name: 

Win32 ThreadId:6860

Extended Properties: 
----------------------------------------
----------------------------------------
Timestamp: 28/09/2016 05:08:57 p.m.

Message: Tracing to LogSource 'General' failed. Processing for other sources will continue. See summary information below for more information. Should this problem persist, stop the service and check the configuration file(s) for possible error(s) in the configuration of the categories and sinks.


Summary for Enterprise Library Distributor Service:
======================================
--> 
Message: 
Timestamp: 28/09/2016 05:08:57 p.m.
Message: System.IndexOutOfRangeException: Index was outside the bounds of the array.
   at AppSaludMVC.Controllers.HClinicaControllerSup.Save_Examen(SS_HC_ExamenSolicitado objAnamEA, String selectionArray1, String text) in d:\Proyectos\VisualStudio\Clientes\ClinicaElGolf\HCE3.0\AppSaludMVC\Controllers\HClinicaControllerSup.cs:line 1037
Category: General
Priority: -1
EventId: 0
Severity: Information
Title:
Machine: RSPV-STN-22
App Domain: /LM/W3SVC/2/ROOT-1-131195476912012282
ProcessId: 5408
Process Name: C:\Program Files (x86)\IIS Express\iisexpress.exe
Thread Name: 
Win32 ThreadId:6844
Extended Properties: 
--> MachineName: RSPV-STN-22
--> TimeStamp: 28/09/2016 05:08:57 p.m.
--> FullName: Microsoft.Practices.EnterpriseLibrary.Logging, Version=6.0.0.0, Culture=neutral, PublicKeyToken=31bf3856ad364e35
--> AppDomainName: /LM/W3SVC/2/ROOT-1-131195476912012282
--> WindowsIdentity: ROYALSYSTEMS\riosi

Exception Information Details:
======================================
Exception Type: System.Security.SecurityException
Action: 0
PermissionType: NULL
FirstPermissionThatFailed: NULL
PermissionState: NULL
Demanded: NULL
GrantedSet: NULL
RefusedSet: NULL
DenySetInstance: NULL
PermitOnlySetInstance: NULL
FailedAssemblyInfo: NULL
Method: NULL
Zone: MyComputer
Url: NULL
Message: The source was not found, but some or all event logs could not be searched.  To create the source, you need permission to read all event logs to make sure that the new source name is unique.  Inaccessible logs: Security.
Data: System.Collections.ListDictionaryInternal
TargetSite: Microsoft.Win32.RegistryKey FindSourceRegistration(System.String, System.String, Boolean, Boolean)
HelpLink: NULL
Source: System
HResult: -2146233078

StackTrace Information Details: 
======================================
   at System.Diagnostics.EventLog.FindSourceRegistration(String source, String machineName, Boolean readOnly, Boolean wantToCreate)
   at System.Diagnostics.EventLog.SourceExists(String source, String machineName, Boolean wantToCreate)
   at System.Diagnostics.EventLogInternal.VerifyAndCreateSource(String sourceName, String currentMachineName)
   at System.Diagnostics.EventLogInternal.WriteEvent(EventInstance instance, Byte[] data, Object[] values)
   at System.Diagnostics.EventLog.WriteEvent(EventInstance instance, Object[] values)
   at System.Diagnostics.EventLogTraceListener.TraceData(TraceEventCache eventCache, String source, TraceEventType severity, Int32 id, Object data)
   at Microsoft.Practices.EnterpriseLibrary.Logging.TraceListeners.FormattedTraceListenerWrapperBase.TraceData(TraceEventCache eventCache, String source, TraceEventType severity, Int32 id, Object data)
   at Microsoft.Practices.EnterpriseLibrary.Logging.LogSource.TraceData(TraceEventType eventType, Int32 id, LogEntry logEntry, TraceListenerFilter traceListenerFilter, TraceEventCache traceEventCache, ReportTracingError reportError)

Category: 

Priority: -1

EventId: 6352

Severity: Error

Title:

Machine: RSPV-STN-22

App Domain: /LM/W3SVC/2/ROOT-1-131195476912012282

ProcessId: 5408

Process Name: C:\Program Files (x86)\IIS Express\iisexpress.exe

Thread Name: 

Win32 ThreadId:6844

Extended Properties: 
----------------------------------------
----------------------------------------
Timestamp: 28/09/2016 05:21:44 p.m.

Message: Tracing to LogSource 'General' failed. Processing for other sources will continue. See summary information below for more information. Should this problem persist, stop the service and check the configuration file(s) for possible error(s) in the configuration of the categories and sinks.


Summary for Enterprise Library Distributor Service:
======================================
--> 
Message: 
Timestamp: 28/09/2016 05:21:44 p.m.
Message: System.IndexOutOfRangeException: Index was outside the bounds of the array.
   at AppSaludMVC.Controllers.HClinicaControllerSup.Save_Examen(SS_HC_ExamenSolicitado objAnamEA, String selectionArray1, String text) in d:\Proyectos\VisualStudio\Clientes\ClinicaElGolf\HCE3.0\AppSaludMVC\Controllers\HClinicaControllerSup.cs:line 1037
Category: General
Priority: -1
EventId: 0
Severity: Information
Title:
Machine: RSPV-STN-22
App Domain: /LM/W3SVC/2/ROOT-1-131195476912012282
ProcessId: 5408
Process Name: C:\Program Files (x86)\IIS Express\iisexpress.exe
Thread Name: 
Win32 ThreadId:6844
Extended Properties: 
--> MachineName: RSPV-STN-22
--> TimeStamp: 28/09/2016 05:21:44 p.m.
--> FullName: Microsoft.Practices.EnterpriseLibrary.Logging, Version=6.0.0.0, Culture=neutral, PublicKeyToken=31bf3856ad364e35
--> AppDomainName: /LM/W3SVC/2/ROOT-1-131195476912012282
--> WindowsIdentity: ROYALSYSTEMS\riosi

Exception Information Details:
======================================
Exception Type: System.Security.SecurityException
Action: 0
PermissionType: NULL
FirstPermissionThatFailed: NULL
PermissionState: NULL
Demanded: NULL
GrantedSet: NULL
RefusedSet: NULL
DenySetInstance: NULL
PermitOnlySetInstance: NULL
FailedAssemblyInfo: NULL
Method: NULL
Zone: MyComputer
Url: NULL
Message: The source was not found, but some or all event logs could not be searched.  To create the source, you need permission to read all event logs to make sure that the new source name is unique.  Inaccessible logs: Security.
Data: System.Collections.ListDictionaryInternal
TargetSite: Microsoft.Win32.RegistryKey FindSourceRegistration(System.String, System.String, Boolean, Boolean)
HelpLink: NULL
Source: System
HResult: -2146233078

StackTrace Information Details: 
======================================
   at System.Diagnostics.EventLog.FindSourceRegistration(String source, String machineName, Boolean readOnly, Boolean wantToCreate)
   at System.Diagnostics.EventLog.SourceExists(String source, String machineName, Boolean wantToCreate)
   at System.Diagnostics.EventLogInternal.VerifyAndCreateSource(String sourceName, String currentMachineName)
   at System.Diagnostics.EventLogInternal.WriteEvent(EventInstance instance, Byte[] data, Object[] values)
   at System.Diagnostics.EventLog.WriteEvent(EventInstance instance, Object[] values)
   at System.Diagnostics.EventLogTraceListener.TraceData(TraceEventCache eventCache, String source, TraceEventType severity, Int32 id, Object data)
   at Microsoft.Practices.EnterpriseLibrary.Logging.TraceListeners.FormattedTraceListenerWrapperBase.TraceData(TraceEventCache eventCache, String source, TraceEventType severity, Int32 id, Object data)
   at Microsoft.Practices.EnterpriseLibrary.Logging.LogSource.TraceData(TraceEventType eventType, Int32 id, LogEntry logEntry, TraceListenerFilter traceListenerFilter, TraceEventCache traceEventCache, ReportTracingError reportError)

Category: 

Priority: -1

EventId: 6352

Severity: Error

Title:

Machine: RSPV-STN-22

App Domain: /LM/W3SVC/2/ROOT-1-131195476912012282

ProcessId: 5408

Process Name: C:\Program Files (x86)\IIS Express\iisexpress.exe

Thread Name: 

Win32 ThreadId:6844

Extended Properties: 
----------------------------------------
----------------------------------------
Timestamp: 28/09/2016 05:30:33 p.m.

Message: Tracing to LogSource 'General' failed. Processing for other sources will continue. See summary information below for more information. Should this problem persist, stop the service and check the configuration file(s) for possible error(s) in the configuration of the categories and sinks.


Summary for Enterprise Library Distributor Service:
======================================
--> 
Message: 
Timestamp: 28/09/2016 05:30:33 p.m.
Message: System.IndexOutOfRangeException: Index was outside the bounds of the array.
   at AppSaludMVC.Controllers.HClinicaControllerSup.Save_Examen(SS_HC_ExamenSolicitado objAnamEA, String selectionArray1, String text) in d:\Proyectos\VisualStudio\Clientes\ClinicaElGolf\HCE3.0\AppSaludMVC\Controllers\HClinicaControllerSup.cs:line 1037
Category: General
Priority: -1
EventId: 0
Severity: Information
Title:
Machine: RSPV-STN-22
App Domain: /LM/W3SVC/2/ROOT-1-131195569342959391
ProcessId: 6804
Process Name: C:\Program Files (x86)\IIS Express\iisexpress.exe
Thread Name: 
Win32 ThreadId:6736
Extended Properties: 
--> MachineName: RSPV-STN-22
--> TimeStamp: 28/09/2016 05:30:33 p.m.
--> FullName: Microsoft.Practices.EnterpriseLibrary.Logging, Version=6.0.0.0, Culture=neutral, PublicKeyToken=31bf3856ad364e35
--> AppDomainName: /LM/W3SVC/2/ROOT-1-131195569342959391
--> WindowsIdentity: ROYALSYSTEMS\riosi

Exception Information Details:
======================================
Exception Type: System.Security.SecurityException
Action: 0
PermissionType: NULL
FirstPermissionThatFailed: NULL
PermissionState: NULL
Demanded: NULL
GrantedSet: NULL
RefusedSet: NULL
DenySetInstance: NULL
PermitOnlySetInstance: NULL
FailedAssemblyInfo: NULL
Method: NULL
Zone: MyComputer
Url: NULL
Message: The source was not found, but some or all event logs could not be searched.  To create the source, you need permission to read all event logs to make sure that the new source name is unique.  Inaccessible logs: Security.
Data: System.Collections.ListDictionaryInternal
TargetSite: Microsoft.Win32.RegistryKey FindSourceRegistration(System.String, System.String, Boolean, Boolean)
HelpLink: NULL
Source: System
HResult: -2146233078

StackTrace Information Details: 
======================================
   at System.Diagnostics.EventLog.FindSourceRegistration(String source, String machineName, Boolean readOnly, Boolean wantToCreate)
   at System.Diagnostics.EventLog.SourceExists(String source, String machineName, Boolean wantToCreate)
   at System.Diagnostics.EventLogInternal.VerifyAndCreateSource(String sourceName, String currentMachineName)
   at System.Diagnostics.EventLogInternal.WriteEvent(EventInstance instance, Byte[] data, Object[] values)
   at System.Diagnostics.EventLog.WriteEvent(EventInstance instance, Object[] values)
   at System.Diagnostics.EventLogTraceListener.TraceData(TraceEventCache eventCache, String source, TraceEventType severity, Int32 id, Object data)
   at Microsoft.Practices.EnterpriseLibrary.Logging.TraceListeners.FormattedTraceListenerWrapperBase.TraceData(TraceEventCache eventCache, String source, TraceEventType severity, Int32 id, Object data)
   at Microsoft.Practices.EnterpriseLibrary.Logging.LogSource.TraceData(TraceEventType eventType, Int32 id, LogEntry logEntry, TraceListenerFilter traceListenerFilter, TraceEventCache traceEventCache, ReportTracingError reportError)

Category: 

Priority: -1

EventId: 6352

Severity: Error

Title:

Machine: RSPV-STN-22

App Domain: /LM/W3SVC/2/ROOT-1-131195569342959391

ProcessId: 6804

Process Name: C:\Program Files (x86)\IIS Express\iisexpress.exe

Thread Name: 

Win32 ThreadId:6736

Extended Properties: 
----------------------------------------
----------------------------------------
Timestamp: 28/09/2016 05:30:35 p.m.

Message: Tracing to LogSource 'General' failed. Processing for other sources will continue. See summary information below for more information. Should this problem persist, stop the service and check the configuration file(s) for possible error(s) in the configuration of the categories and sinks.


Summary for Enterprise Library Distributor Service:
======================================
--> 
Message: 
Timestamp: 28/09/2016 05:30:35 p.m.
Message: System.IndexOutOfRangeException: Index was outside the bounds of the array.
   at AppSaludMVC.Controllers.HClinicaControllerSup.Save_Examen(SS_HC_ExamenSolicitado objAnamEA, String selectionArray1, String text) in d:\Proyectos\VisualStudio\Clientes\ClinicaElGolf\HCE3.0\AppSaludMVC\Controllers\HClinicaControllerSup.cs:line 1037
Category: General
Priority: -1
EventId: 0
Severity: Information
Title:
Machine: RSPV-STN-22
App Domain: /LM/W3SVC/2/ROOT-1-131195569342959391
ProcessId: 6804
Process Name: C:\Program Files (x86)\IIS Express\iisexpress.exe
Thread Name: 
Win32 ThreadId:704
Extended Properties: 
--> MachineName: RSPV-STN-22
--> TimeStamp: 28/09/2016 05:30:35 p.m.
--> FullName: Microsoft.Practices.EnterpriseLibrary.Logging, Version=6.0.0.0, Culture=neutral, PublicKeyToken=31bf3856ad364e35
--> AppDomainName: /LM/W3SVC/2/ROOT-1-131195569342959391
--> WindowsIdentity: ROYALSYSTEMS\riosi

Exception Information Details:
======================================
Exception Type: System.Security.SecurityException
Action: 0
PermissionType: NULL
FirstPermissionThatFailed: NULL
PermissionState: NULL
Demanded: NULL
GrantedSet: NULL
RefusedSet: NULL
DenySetInstance: NULL
PermitOnlySetInstance: NULL
FailedAssemblyInfo: NULL
Method: NULL
Zone: MyComputer
Url: NULL
Message: The source was not found, but some or all event logs could not be searched.  To create the source, you need permission to read all event logs to make sure that the new source name is unique.  Inaccessible logs: Security.
Data: System.Collections.ListDictionaryInternal
TargetSite: Microsoft.Win32.RegistryKey FindSourceRegistration(System.String, System.String, Boolean, Boolean)
HelpLink: NULL
Source: System
HResult: -2146233078

StackTrace Information Details: 
======================================
   at System.Diagnostics.EventLog.FindSourceRegistration(String source, String machineName, Boolean readOnly, Boolean wantToCreate)
   at System.Diagnostics.EventLog.SourceExists(String source, String machineName, Boolean wantToCreate)
   at System.Diagnostics.EventLogInternal.VerifyAndCreateSource(String sourceName, String currentMachineName)
   at System.Diagnostics.EventLogInternal.WriteEvent(EventInstance instance, Byte[] data, Object[] values)
   at System.Diagnostics.EventLog.WriteEvent(EventInstance instance, Object[] values)
   at System.Diagnostics.EventLogTraceListener.TraceData(TraceEventCache eventCache, String source, TraceEventType severity, Int32 id, Object data)
   at Microsoft.Practices.EnterpriseLibrary.Logging.TraceListeners.FormattedTraceListenerWrapperBase.TraceData(TraceEventCache eventCache, String source, TraceEventType severity, Int32 id, Object data)
   at Microsoft.Practices.EnterpriseLibrary.Logging.LogSource.TraceData(TraceEventType eventType, Int32 id, LogEntry logEntry, TraceListenerFilter traceListenerFilter, TraceEventCache traceEventCache, ReportTracingError reportError)

Category: 

Priority: -1

EventId: 6352

Severity: Error

Title:

Machine: RSPV-STN-22

App Domain: /LM/W3SVC/2/ROOT-1-131195569342959391

ProcessId: 6804

Process Name: C:\Program Files (x86)\IIS Express\iisexpress.exe

Thread Name: 

Win32 ThreadId:704

Extended Properties: 
----------------------------------------
----------------------------------------
Timestamp: 28/09/2016 06:48:48 p.m.

Message: Tracing to LogSource 'General' failed. Processing for other sources will continue. See summary information below for more information. Should this problem persist, stop the service and check the configuration file(s) for possible error(s) in the configuration of the categories and sinks.


Summary for Enterprise Library Distributor Service:
======================================
--> 
Message: 
Timestamp: 28/09/2016 06:48:48 p.m.
Message: System.IndexOutOfRangeException: Index was outside the bounds of the array.
   at AppSaludMVC.Controllers.HClinicaControllerSup.Save_Examen(SS_HC_ExamenSolicitado objAnamEA, String selectionArray1, String text) in d:\Proyectos\VisualStudio\Clientes\ClinicaElGolf\HCE3.0\AppSaludMVC\Controllers\HClinicaControllerSup.cs:line 1037
Category: General
Priority: -1
EventId: 0
Severity: Information
Title:
Machine: RSPV-STN-22
App Domain: /LM/W3SVC/2/ROOT-1-131195569342959391
ProcessId: 6804
Process Name: C:\Program Files (x86)\IIS Express\iisexpress.exe
Thread Name: 
Win32 ThreadId:6156
Extended Properties: 
--> MachineName: RSPV-STN-22
--> TimeStamp: 28/09/2016 06:48:48 p.m.
--> FullName: Microsoft.Practices.EnterpriseLibrary.Logging, Version=6.0.0.0, Culture=neutral, PublicKeyToken=31bf3856ad364e35
--> AppDomainName: /LM/W3SVC/2/ROOT-1-131195569342959391
--> WindowsIdentity: ROYALSYSTEMS\riosi

Exception Information Details:
======================================
Exception Type: System.Security.SecurityException
Action: 0
PermissionType: NULL
FirstPermissionThatFailed: NULL
PermissionState: NULL
Demanded: NULL
GrantedSet: NULL
RefusedSet: NULL
DenySetInstance: NULL
PermitOnlySetInstance: NULL
FailedAssemblyInfo: NULL
Method: NULL
Zone: MyComputer
Url: NULL
Message: The source was not found, but some or all event logs could not be searched.  To create the source, you need permission to read all event logs to make sure that the new source name is unique.  Inaccessible logs: Security.
Data: System.Collections.ListDictionaryInternal
TargetSite: Microsoft.Win32.RegistryKey FindSourceRegistration(System.String, System.String, Boolean, Boolean)
HelpLink: NULL
Source: System
HResult: -2146233078

StackTrace Information Details: 
======================================
   at System.Diagnostics.EventLog.FindSourceRegistration(String source, String machineName, Boolean readOnly, Boolean wantToCreate)
   at System.Diagnostics.EventLog.SourceExists(String source, String machineName, Boolean wantToCreate)
   at System.Diagnostics.EventLogInternal.VerifyAndCreateSource(String sourceName, String currentMachineName)
   at System.Diagnostics.EventLogInternal.WriteEvent(EventInstance instance, Byte[] data, Object[] values)
   at System.Diagnostics.EventLog.WriteEvent(EventInstance instance, Object[] values)
   at System.Diagnostics.EventLogTraceListener.TraceData(TraceEventCache eventCache, String source, TraceEventType severity, Int32 id, Object data)
   at Microsoft.Practices.EnterpriseLibrary.Logging.TraceListeners.FormattedTraceListenerWrapperBase.TraceData(TraceEventCache eventCache, String source, TraceEventType severity, Int32 id, Object data)
   at Microsoft.Practices.EnterpriseLibrary.Logging.LogSource.TraceData(TraceEventType eventType, Int32 id, LogEntry logEntry, TraceListenerFilter traceListenerFilter, TraceEventCache traceEventCache, ReportTracingError reportError)

Category: 

Priority: -1

EventId: 6352

Severity: Error

Title:

Machine: RSPV-STN-22

App Domain: /LM/W3SVC/2/ROOT-1-131195569342959391

ProcessId: 6804

Process Name: C:\Program Files (x86)\IIS Express\iisexpress.exe

Thread Name: 

Win32 ThreadId:6156

Extended Properties: 
----------------------------------------
----------------------------------------
Timestamp: 29/09/2016 03:07:18 p.m.

Message: Tracing to LogSource 'General' failed. Processing for other sources will continue. See summary information below for more information. Should this problem persist, stop the service and check the configuration file(s) for possible error(s) in the configuration of the categories and sinks.


Summary for Enterprise Library Distributor Service:
======================================
--> 
Message: 
Timestamp: 29/09/2016 03:07:18 p.m.
Message: System.FormatException: Input string was not in a correct format.
   at System.Number.StringToNumber(String str, NumberStyles options, NumberBuffer& number, NumberFormatInfo info, Boolean parseDecimal)
   at System.Number.ParseInt32(String s, NumberStyles style, NumberFormatInfo info)
   at System.Convert.ToInt32(String value)
   at AppSaludMVC.Controllers.HClinicaControllerSup.Save_Examen(SS_HC_ExamenSolicitado objAnamEA, String selectionArray1, String text) in d:\Proyectos\VisualStudio\Clientes\ClinicaElGolf\HCE3.0\AppSaludMVC\Controllers\HClinicaControllerSup.cs:line 1038
Category: General
Priority: -1
EventId: 0
Severity: Information
Title:
Machine: RSPV-STN-22
App Domain: /LM/W3SVC/2/ROOT-1-131196340851481977
ProcessId: 5556
Process Name: C:\Program Files (x86)\IIS Express\iisexpress.exe
Thread Name: 
Win32 ThreadId:4036
Extended Properties: 
--> MachineName: RSPV-STN-22
--> TimeStamp: 29/09/2016 03:07:18 p.m.
--> FullName: Microsoft.Practices.EnterpriseLibrary.Logging, Version=6.0.0.0, Culture=neutral, PublicKeyToken=31bf3856ad364e35
--> AppDomainName: /LM/W3SVC/2/ROOT-1-131196340851481977
--> WindowsIdentity: ROYALSYSTEMS\riosi

Exception Information Details:
======================================
Exception Type: System.Security.SecurityException
Action: 0
PermissionType: NULL
FirstPermissionThatFailed: NULL
PermissionState: NULL
Demanded: NULL
GrantedSet: NULL
RefusedSet: NULL
DenySetInstance: NULL
PermitOnlySetInstance: NULL
FailedAssemblyInfo: NULL
Method: NULL
Zone: MyComputer
Url: NULL
Message: The source was not found, but some or all event logs could not be searched.  To create the source, you need permission to read all event logs to make sure that the new source name is unique.  Inaccessible logs: Security.
Data: System.Collections.ListDictionaryInternal
TargetSite: Microsoft.Win32.RegistryKey FindSourceRegistration(System.String, System.String, Boolean, Boolean)
HelpLink: NULL
Source: System
HResult: -2146233078

StackTrace Information Details: 
======================================
   at System.Diagnostics.EventLog.FindSourceRegistration(String source, String machineName, Boolean readOnly, Boolean wantToCreate)
   at System.Diagnostics.EventLog.SourceExists(String source, String machineName, Boolean wantToCreate)
   at System.Diagnostics.EventLogInternal.VerifyAndCreateSource(String sourceName, String currentMachineName)
   at System.Diagnostics.EventLogInternal.WriteEvent(EventInstance instance, Byte[] data, Object[] values)
   at System.Diagnostics.EventLog.WriteEvent(EventInstance instance, Object[] values)
   at System.Diagnostics.EventLogTraceListener.TraceData(TraceEventCache eventCache, String source, TraceEventType severity, Int32 id, Object data)
   at Microsoft.Practices.EnterpriseLibrary.Logging.TraceListeners.FormattedTraceListenerWrapperBase.TraceData(TraceEventCache eventCache, String source, TraceEventType severity, Int32 id, Object data)
   at Microsoft.Practices.EnterpriseLibrary.Logging.LogSource.TraceData(TraceEventType eventType, Int32 id, LogEntry logEntry, TraceListenerFilter traceListenerFilter, TraceEventCache traceEventCache, ReportTracingError reportError)

Category: 

Priority: -1

EventId: 6352

Severity: Error

Title:

Machine: RSPV-STN-22

App Domain: /LM/W3SVC/2/ROOT-1-131196340851481977

ProcessId: 5556

Process Name: C:\Program Files (x86)\IIS Express\iisexpress.exe

Thread Name: 

Win32 ThreadId:4036

Extended Properties: 
----------------------------------------
----------------------------------------
Timestamp: 29/09/2016 03:49:48 p.m.

Message: Tracing to LogSource 'General' failed. Processing for other sources will continue. See summary information below for more information. Should this problem persist, stop the service and check the configuration file(s) for possible error(s) in the configuration of the categories and sinks.


Summary for Enterprise Library Distributor Service:
======================================
--> 
Message: 
Timestamp: 29/09/2016 03:49:48 p.m.
Message: System.Data.Entity.Core.EntityCommandExecutionException: The data reader is incompatible with the specified 'WEB_ERPSALUDModel.SS_HC_SeguimientoRiesgo'. A member of the type, 'Secuencia', does not have a corresponding column in the data reader with the same name.
   at System.Data.Entity.Core.Query.InternalTrees.ColumnMapFactory.GetMemberOrdinalFromReader(DbDataReader storeDataReader, EdmMember member, EdmType currentType, Dictionary`2 renameList)
   at System.Data.Entity.Core.Query.InternalTrees.ColumnMapFactory.GetColumnMapsForType(DbDataReader storeDataReader, EdmType edmType, Dictionary`2 renameList)
   at System.Data.Entity.Core.Query.InternalTrees.ColumnMapFactory.CreateColumnMapFromReaderAndType(DbDataReader storeDataReader, EdmType edmType, EntitySet entitySet, Dictionary`2 renameList)
   at System.Data.Entity.Core.Query.InternalTrees.ColumnMapFactory.CreateFunctionImportStructuralTypeColumnMap(DbDataReader storeDataReader, FunctionImportMappingNonComposable mapping, Int32 resultSetIndex, EntitySet entitySet, StructuralType baseStructuralType)
   at System.Data.Entity.Core.EntityClient.Internal.EntityCommandDefinition.FunctionColumnMapGenerator.System.Data.Entity.Core.EntityClient.Internal.EntityCommandDefinition.IColumnMapGenerator.CreateColumnMap(DbDataReader reader)
   at System.Data.Entity.Core.EntityClient.Internal.EntityCommandDefinition.CreateColumnMap(DbDataReader storeDataReader, Int32 resultSetIndex)
   at System.Data.Entity.Core.Objects.ObjectContext.MaterializedDataRecord[TElement](EntityCommand entityCommand, DbDataReader storeReader, Int32 resultSetIndex, ReadOnlyCollection`1 entitySets, EdmType[] edmTypes, ShaperFactory`1 shaperFactory, MergeOption mergeOption, Boolean streaming)
   at System.Data.Entity.Core.Objects.ObjectContext.CreateFunctionObjectResult[TElement](EntityCommand entityCommand, ReadOnlyCollection`1 entitySets, EdmType[] edmTypes, ExecutionOptions executionOptions)
   at System.Data.Entity.Core.Objects.ObjectContext.<>c__DisplayClass47`1.<ExecuteFunction>b__46()
   at System.Data.Entity.Core.Objects.ObjectContext.ExecuteInTransaction[T](Func`1 func, IDbExecutionStrategy executionStrategy, Boolean startLocalTransaction, Boolean releaseConnectionOnSuccess)
   at System.Data.Entity.Core.Objects.ObjectContext.<>c__DisplayClass47`1.<ExecuteFunction>b__45()
   at System.Data.Entity.SqlServer.DefaultSqlExecutionStrategy.Execute[TResult](Func`1 operation)
   at System.Data.Entity.Core.Objects.ObjectContext.ExecuteFunction[TElement](String functionName, ExecutionOptions executionOptions, ObjectParameter[] parameters)
   at System.Data.Entity.Core.Objects.ObjectContext.ExecuteFunction[TElement](String functionName, MergeOption mergeOption, ObjectParameter[] parameters)
   at System.Data.Entity.Core.Objects.ObjectContext.ExecuteFunction[TElement](String functionName, ObjectParameter[] parameters)
   at SoluccionSalud.Model.WEB_ERPSALUDEntities.USP_SS_HC_SeguimientoRiesgoListar(String unidadReplicacion, Nullable`1 idEpisodioAtencion, Nullable`1 idPaciente, Nullable`1 episodioClinico, Nullable`1 idTipoCuidadoPreventivo, Nullable`1 fechaSeguimiento, Nullable`1 estado, String usuarioCreacion, Nullable`1 fechaCreacion, String usuarioModificacion, Nullable`1 fechaModificacion, String accion, String version) in d:\Proyectos\VisualStudio\Clientes\ClinicaElGolf\HCE3.0\SoluccionSalud.Model\ModelEntity.Context.cs:line 5215
   at SoluccionSalud.Repository.DALSeguimientoRiesgo.SeguimientoRiesgoRepository.listarSeguimientoRiesgo(SS_HC_SeguimientoRiesgo objSC) in d:\Proyectos\VisualStudio\Clientes\ClinicaElGolf\HCE3.0\SoluccionSalud.Repository\DALSeguimientoRiesgo\SeguimientoRiesgoRepository.cs:line 24
   at SoluccionSalud.Bussines.BLLSeguimientoRiesgo.SeguimientoRiesgoBLL.listarSeguimientoRiesgo(SS_HC_SeguimientoRiesgo objSC) in d:\Proyectos\VisualStudio\Clientes\ClinicaElGolf\HCE3.0\SoluccionSalud.Bussines\BLLSeguimientoRiesgo\SeguimientoRiesgoBLL.cs:line 15
   at SoluccionSalud.Service.SeguimientoRiesgoService.SvcSeguimientoRiesgo.listarSeguimientoRiesgo(SS_HC_SeguimientoRiesgo objSC) in d:\Proyectos\VisualStudio\Clientes\ClinicaElGolf\HCE3.0\SoluccionSalud.Service\SeguimientoRiesgoService\SvcSeguimientoRiesgo.cs:line 15
   at AppSaludMVC.Controllers.HClinicaControllerSup.CCEP0302_View() in d:\Proyectos\VisualStudio\Clientes\ClinicaElGolf\HCE3.0\AppSaludMVC\Controllers\HClinicaControllerSup.cs:line 6035
Category: General
Priority: -1
EventId: 0
Severity: Information
Title:
Machine: RSPV-STN-22
App Domain: /LM/W3SVC/2/ROOT-1-131196356646051424
ProcessId: 3556
Process Name: C:\Program Files (x86)\IIS Express\iisexpress.exe
Thread Name: 
Win32 ThreadId:3380
Extended Properties: 
--> MachineName: RSPV-STN-22
--> TimeStamp: 29/09/2016 03:49:48 p.m.
--> FullName: Microsoft.Practices.EnterpriseLibrary.Logging, Version=6.0.0.0, Culture=neutral, PublicKeyToken=31bf3856ad364e35
--> AppDomainName: /LM/W3SVC/2/ROOT-1-131196356646051424
--> WindowsIdentity: ROYALSYSTEMS\riosi

Exception Information Details:
======================================
Exception Type: System.Security.SecurityException
Action: 0
PermissionType: NULL
FirstPermissionThatFailed: NULL
PermissionState: NULL
Demanded: NULL
GrantedSet: NULL
RefusedSet: NULL
DenySetInstance: NULL
PermitOnlySetInstance: NULL
FailedAssemblyInfo: NULL
Method: NULL
Zone: MyComputer
Url: NULL
Message: The source was not found, but some or all event logs could not be searched.  To create the source, you need permission to read all event logs to make sure that the new source name is unique.  Inaccessible logs: Security.
Data: System.Collections.ListDictionaryInternal
TargetSite: Microsoft.Win32.RegistryKey FindSourceRegistration(System.String, System.String, Boolean, Boolean)
HelpLink: NULL
Source: System
HResult: -2146233078

StackTrace Information Details: 
======================================
   at System.Diagnostics.EventLog.FindSourceRegistration(String source, String machineName, Boolean readOnly, Boolean wantToCreate)
   at System.Diagnostics.EventLog.SourceExists(String source, String machineName, Boolean wantToCreate)
   at System.Diagnostics.EventLogInternal.VerifyAndCreateSource(String sourceName, String currentMachineName)
   at System.Diagnostics.EventLogInternal.WriteEvent(EventInstance instance, Byte[] data, Object[] values)
   at System.Diagnostics.EventLog.WriteEvent(EventInstance instance, Object[] values)
   at System.Diagnostics.EventLogTraceListener.TraceData(TraceEventCache eventCache, String source, TraceEventType severity, Int32 id, Object data)
   at Microsoft.Practices.EnterpriseLibrary.Logging.TraceListeners.FormattedTraceListenerWrapperBase.TraceData(TraceEventCache eventCache, String source, TraceEventType severity, Int32 id, Object data)
   at Microsoft.Practices.EnterpriseLibrary.Logging.LogSource.TraceData(TraceEventType eventType, Int32 id, LogEntry logEntry, TraceListenerFilter traceListenerFilter, TraceEventCache traceEventCache, ReportTracingError reportError)

Category: 

Priority: -1

EventId: 6352

Severity: Error

Title:

Machine: RSPV-STN-22

App Domain: /LM/W3SVC/2/ROOT-1-131196356646051424

ProcessId: 3556

Process Name: C:\Program Files (x86)\IIS Express\iisexpress.exe

Thread Name: 

Win32 ThreadId:3380

Extended Properties: 
----------------------------------------
